<?xml version="1.0" encoding="UTF-8"?>
<!-- Generated by org.testng.reporters.JUnitReportReporter -->
<testsuite hostname="LAPTOP-F0CTPNJN" failures="0" tests="1" name="com.flipkart.TestCases.VerifyFlipkartLoginNew" time="3.664" errors="0" timestamp="2021-05-02T15:13:59 IST" skipped="0">
  <testcase classname="com.flipkart.TestCases.VerifyFlipkartLoginNew" name="checkValidUser" time="3.664"/>
  <system-out/>
</testsuite> <!-- com.flipkart.TestCases.VerifyFlipkartLoginNew -->
