<?xml version="1.0" encoding="UTF-8"?>
<!-- Generated by org.testng.reporters.JUnitReportReporter -->
<testsuite hostname="LAPTOP-F0CTPNJN" failures="0" tests="4" name="com.flipkart.testcases.VerifyFlipkartLogin" time="39.032" errors="0" timestamp="2021-05-03T14:58:38 IST" skipped="0">
  <testcase classname="com.flipkart.testcases.VerifyFlipkartLogin" name="checkValidUser" time="9.434"/>
  <system-out/>
  <testcase classname="com.flipkart.testcases.VerifyFlipkartLogin" name="checkValidUser" time="11.765"/>
  <system-out/>
  <testcase classname="com.flipkart.testcases.VerifyFlipkartLogin" name="checkValidUser" time="9.045"/>
  <system-out/>
  <testcase classname="com.flipkart.testcases.VerifyFlipkartLogin" name="checkValidUser" time="8.788"/>
  <system-out/>
</testsuite> <!-- com.flipkart.testcases.VerifyFlipkartLogin -->
